#
# There is insufficient memory for the Java Runtime Environment to continue.
# Native memory allocation (malloc) failed to allocate 451216 bytes for Chunk::new
# Possible reasons:
#   The system is out of physical RAM or swap space
#   The process is running with CompressedOops enabled, and the Java Heap may be blocking the growth of the native heap
# Possible solutions:
#   Reduce memory load on the system
#   Increase physical memory or swap space
#   Check if swap backing store is full
#   Decrease Java heap size (-Xmx/-Xms)
#   Decrease number of Java threads
#   Decrease Java thread stack sizes (-Xss)
#   Set larger code cache with -XX:ReservedCodeCacheSize=
#   JVM is running with Unscaled Compressed Oops mode in which the Java heap is
#     placed in the first 4GB address space. The Java Heap base address is the
#     maximum limit for the native heap growth. Please use -XX:HeapBaseMinAddress
#     to set the Java Heap base and to place the Java Heap above 4GB virtual address.
# This output file may be truncated or incomplete.
#
#  Out of Memory Error (arena.cpp:189), pid=9220, tid=19640
#
# JRE version: OpenJDK Runtime Environment (17.0.6) (build 17.0.6+0-b2043.56-9586694)
# Java VM: OpenJDK 64-Bit Server VM (17.0.6+0-b2043.56-9586694, mixed mode, tiered, compressed oops, compressed class ptrs, g1 gc, windows-amd64)
# No core dump will be written. Minidumps are not enabled by default on client versions of Windows
#

---------------  S U M M A R Y ------------

Command Line: git4idea.http.GitAskPassApp Username for 'https://github.com': 

Host: Intel(R) Core(TM) i5-8300H CPU @ 2.30GHz, 8 cores, 7G,  Windows 10 , 64 bit Build 19041 (10.0.19041.3155)
Time: Mon Jul 31 01:13:00 2023 Eastern Daylight Time elapsed time: 0.843414 seconds (0d 0h 0m 0s)

---------------  T H R E A D  ---------------

Current thread (0x0000021ed7c40020):  JavaThread "C2 CompilerThread0" daemon [_thread_in_native, id=19640, stack(0x000000caef300000,0x000000caef400000)]


Current CompileTask:
C2:    843  169 %     4       java.util.zip.ZipFile$Source::initCEN @ 240 (591 bytes)

Stack: [0x000000caef300000,0x000000caef400000]
Native frames: (J=compiled Java code, j=interpreted, Vv=VM code, C=native code)
V  [jvm.dll+0x683b4a]
V  [jvm.dll+0x842654]
V  [jvm.dll+0x843dfe]
V  [jvm.dll+0x844463]
V  [jvm.dll+0x249b75]
V  [jvm.dll+0xabcac]
V  [jvm.dll+0xac27c]
V  [jvm.dll+0x368802]
V  [jvm.dll+0x332f31]
V  [jvm.dll+0x3323da]
V  [jvm.dll+0x21c201]
V  [jvm.dll+0x21b621]
V  [jvm.dll+0x1a4fdd]
V  [jvm.dll+0x22b098]
V  [jvm.dll+0x229159]
V  [jvm.dll+0x7f809c]
V  [jvm.dll+0x7f25fa]
V  [jvm.dll+0x682985]
C  [ucrtbase.dll+0x21bb2]
C  [KERNEL32.DLL+0x17614]
C  [ntdll.dll+0x526b1]


---------------  P R O C E S S  ---------------

Threads class SMR info:
_java_thread_list=0x0000021ed7d82fd0, length=12, elements={
0x0000021ebd3da600, 0x0000021ed7188260, 0x0000021ed71508f0, 0x0000021ed7171d50,
0x0000021ed7173910, 0x0000021ed71743c0, 0x0000021ed7174d70, 0x0000021ed7c40020,
0x0000021ed7c489e0, 0x0000021ed7c4e8e0, 0x0000021ed7d9ec50, 0x0000021ed7db3190
}

Java Threads: ( => current thread )
  0x0000021ebd3da600 JavaThread "main" [_thread_in_vm, id=19332, stack(0x000000caee600000,0x000000caee700000)]
  0x0000021ed7188260 JavaThread "Reference Handler" daemon [_thread_blocked, id=12336, stack(0x000000caeed00000,0x000000caeee00000)]
  0x0000021ed71508f0 JavaThread "Finalizer" daemon [_thread_blocked, id=10788, stack(0x000000caeee00000,0x000000caeef00000)]
  0x0000021ed7171d50 JavaThread "Signal Dispatcher" daemon [_thread_blocked, id=8568, stack(0x000000caeef00000,0x000000caef000000)]
  0x0000021ed7173910 JavaThread "Attach Listener" daemon [_thread_blocked, id=19156, stack(0x000000caef000000,0x000000caef100000)]
  0x0000021ed71743c0 JavaThread "Service Thread" daemon [_thread_blocked, id=14900, stack(0x000000caef100000,0x000000caef200000)]
  0x0000021ed7174d70 JavaThread "Monitor Deflation Thread" daemon [_thread_blocked, id=15576, stack(0x000000caef200000,0x000000caef300000)]
=>0x0000021ed7c40020 JavaThread "C2 CompilerThread0" daemon [_thread_in_native, id=19640, stack(0x000000caef300000,0x000000caef400000)]
  0x0000021ed7c489e0 JavaThread "C1 CompilerThread0" daemon [_thread_blocked, id=10828, stack(0x000000caef400000,0x000000caef500000)]
  0x0000021ed7c4e8e0 JavaThread "Sweeper thread" daemon [_thread_blocked, id=1588, stack(0x000000caef500000,0x000000caef600000)]
  0x0000021ed7d9ec50 JavaThread "Notification Thread" daemon [_thread_blocked, id=18876, stack(0x000000caef600000,0x000000caef700000)]
  0x0000021ed7db3190 JavaThread "Common-Cleaner" daemon [_thread_blocked, id=19196, stack(0x000000caef800000,0x000000caef900000)]

Other Threads:
  0x0000021ed714ecd0 VMThread "VM Thread" [stack: 0x000000caeec00000,0x000000caeed00000] [id=9948]
  0x0000021ebd45a5f0 WatcherThread [stack: 0x000000caef700000,0x000000caef800000] [id=6332]
  0x0000021ebd435b70 GCTaskThread "GC Thread#0" [stack: 0x000000caee700000,0x000000caee800000] [id=18020]
  0x0000021ebd4466f0 ConcurrentGCThread "G1 Main Marker" [stack: 0x000000caee800000,0x000000caee900000] [id=14956]
  0x0000021ebd4488b0 ConcurrentGCThread "G1 Conc#0" [stack: 0x000000caee900000,0x000000caeea00000] [id=18732]
  0x0000021ed6fb44c0 ConcurrentGCThread "G1 Refine#0" [stack: 0x000000caeea00000,0x000000caeeb00000] [id=13672]
  0x0000021ed6fb4df0 ConcurrentGCThread "G1 Service" [stack: 0x000000caeeb00000,0x000000caeec00000] [id=20064]

Threads with active compile tasks:
C2 CompilerThread0      879  169 %     4       java.util.zip.ZipFile$Source::initCEN @ 240 (591 bytes)

VM state: not at safepoint (normal execution)

VM Mutex/Monitor currently owned by a thread:  ([mutex/lock_event])
[0x0000021ebb1178b0] Metaspace_lock - owner thread: 0x0000021ebd3da600

Heap address: 0x0000000081e00000, size: 2018 MB, Compressed Oops mode: 32-bit

CDS archive(s) not mapped
Compressed class space mapped at: 0x0000000100000000-0x0000000140000000, reserved size: 1073741824
Narrow klass base: 0x0000000000000000, Narrow klass shift: 3, Narrow klass range: 0x140000000

GC Precious Log:
 CPUs: 8 total, 8 available
 Memory: 8066M
 Large Page Support: Disabled
 NUMA Support: Disabled
 Compressed Oops: Enabled (32-bit)
 Heap Region Size: 1M
 Heap Min Capacity: 8M
 Heap Initial Capacity: 128M
 Heap Max Capacity: 2018M
 Pre-touch: Disabled
 Parallel Workers: 8
 Concurrent Workers: 2
 Concurrent Refinement Workers: 8
 Periodic GC: Disabled

Heap:
 garbage-first heap   total 131072K, used 16384K [0x0000000081e00000, 0x0000000100000000)
  region size 1024K, 3 young (3072K), 0 survivors (0K)
 Metaspace       used 6669K, committed 6784K, reserved 1056768K
  class space    used 582K, committed 640K, reserved 1048576K

Heap Regions: E=young(eden), S=young(survivor), O=old, HS=humongous(starts), HC=humongous(continues), CS=collection set, F=free, OA=open archive, CA=closed archive, TAMS=top-at-mark-start (previous, next)
|   0|0x0000000081e00000, 0x0000000081f00000, 0x0000000081f00000|100%|HS|  |TAMS 0x0000000081e00000, 0x0000000081e00000| Complete 
|   1|0x0000000081f00000, 0x0000000082000000, 0x0000000082000000|100%|HC|  |TAMS 0x0000000081f00000, 0x0000000081f00000| Complete 
|   2|0x0000000082000000, 0x0000000082100000, 0x0000000082100000|100%|HC|  |TAMS 0x0000000082000000, 0x0000000082000000| Complete 
|   3|0x0000000082100000, 0x0000000082200000, 0x0000000082200000|100%|HC|  |TAMS 0x0000000082100000, 0x0000000082100000| Complete 
|   4|0x0000000082200000, 0x0000000082300000, 0x0000000082300000|100%|HC|  |TAMS 0x0000000082200000, 0x0000000082200000| Complete 
|   5|0x0000000082300000, 0x0000000082400000, 0x0000000082400000|100%|HC|  |TAMS 0x0000000082300000, 0x0000000082300000| Complete 
|   6|0x0000000082400000, 0x0000000082500000, 0x0000000082500000|100%|HC|  |TAMS 0x0000000082400000, 0x0000000082400000| Complete 
|   7|0x0000000082500000, 0x0000000082600000, 0x0000000082600000|100%|HC|  |TAMS 0x0000000082500000, 0x0000000082500000| Complete 
|   8|0x0000000082600000, 0x0000000082700000, 0x0000000082700000|100%|HC|  |TAMS 0x0000000082600000, 0x0000000082600000| Complete 
|   9|0x0000000082700000, 0x0000000082800000, 0x0000000082800000|100%|HC|  |TAMS 0x0000000082700000, 0x0000000082700000| Complete 
|  10|0x0000000082800000, 0x0000000082900000, 0x0000000082900000|100%|HS|  |TAMS 0x0000000082800000, 0x0000000082800000| Complete 
|  11|0x0000000082900000, 0x0000000082a00000, 0x0000000082a00000|100%|HC|  |TAMS 0x0000000082900000, 0x0000000082900000| Complete 
|  12|0x0000000082a00000, 0x0000000082b00000, 0x0000000082b00000|100%|HS|  |TAMS 0x0000000082a00000, 0x0000000082a00000| Complete 
|  13|0x0000000082b00000, 0x0000000082c00000, 0x0000000082c00000|100%|HC|  |TAMS 0x0000000082b00000, 0x0000000082b00000| Complete 
|  14|0x0000000082c00000, 0x0000000082c00000, 0x0000000082d00000|  0%| F|  |TAMS 0x0000000082c00000, 0x0000000082c00000| Untracked 
|  15|0x0000000082d00000, 0x0000000082d00000, 0x0000000082e00000|  0%| F|  |TAMS 0x0000000082d00000, 0x0000000082d00000| Untracked 
|  16|0x0000000082e00000, 0x0000000082e00000, 0x0000000082f00000|  0%| F|  |TAMS 0x0000000082e00000, 0x0000000082e00000| Untracked 
|  17|0x0000000082f00000, 0x0000000082f00000, 0x0000000083000000|  0%| F|  |TAMS 0x0000000082f00000, 0x0000000082f00000| Untracked 
|  18|0x0000000083000000, 0x0000000083000000, 0x0000000083100000|  0%| F|  |TAMS 0x0000000083000000, 0x0000000083000000| Untracked 
|  19|0x0000000083100000, 0x0000000083100000, 0x0000000083200000|  0%| F|  |TAMS 0x0000000083100000, 0x0000000083100000| Untracked 
|  20|0x0000000083200000, 0x0000000083200000, 0x0000000083300000|  0%| F|  |TAMS 0x0000000083200000, 0x0000000083200000| Untracked 
|  21|0x0000000083300000, 0x0000000083300000, 0x0000000083400000|  0%| F|  |TAMS 0x0000000083300000, 0x0000000083300000| Untracked 
|  22|0x0000000083400000, 0x0000000083400000, 0x0000000083500000|  0%| F|  |TAMS 0x0000000083400000, 0x0000000083400000| Untracked 
|  23|0x0000000083500000, 0x0000000083500000, 0x0000000083600000|  0%| F|  |TAMS 0x0000000083500000, 0x0000000083500000| Untracked 
|  24|0x0000000083600000, 0x0000000083600000, 0x0000000083700000|  0%| F|  |TAMS 0x0000000083600000, 0x0000000083600000| Untracked 
|  25|0x0000000083700000, 0x0000000083700000, 0x0000000083800000|  0%| F|  |TAMS 0x0000000083700000, 0x0000000083700000| Untracked 
|  26|0x0000000083800000, 0x0000000083800000, 0x0000000083900000|  0%| F|  |TAMS 0x0000000083800000, 0x0000000083800000| Untracked 
|  27|0x0000000083900000, 0x0000000083900000, 0x0000000083a00000|  0%| F|  |TAMS 0x0000000083900000, 0x0000000083900000| Untracked 
|  28|0x0000000083a00000, 0x0000000083a00000, 0x0000000083b00000|  0%| F|  |TAMS 0x0000000083a00000, 0x0000000083a00000| Untracked 
|  29|0x0000000083b00000, 0x0000000083b00000, 0x0000000083c00000|  0%| F|  |TAMS 0x0000000083b00000, 0x0000000083b00000| Untracked 
|  30|0x0000000083c00000, 0x0000000083c00000, 0x0000000083d00000|  0%| F|  |TAMS 0x0000000083c00000, 0x0000000083c00000| Untracked 
|  31|0x0000000083d00000, 0x0000000083d00000, 0x0000000083e00000|  0%| F|  |TAMS 0x0000000083d00000, 0x0000000083d00000| Untracked 
|  32|0x0000000083e00000, 0x0000000083e00000, 0x0000000083f00000|  0%| F|  |TAMS 0x0000000083e00000, 0x0000000083e00000| Untracked 
|  33|0x0000000083f00000, 0x0000000083f00000, 0x0000000084000000|  0%| F|  |TAMS 0x0000000083f00000, 0x0000000083f00000| Untracked 
|  34|0x0000000084000000, 0x0000000084000000, 0x0000000084100000|  0%| F|  |TAMS 0x0000000084000000, 0x0000000084000000| Untracked 
|  35|0x0000000084100000, 0x0000000084100000, 0x0000000084200000|  0%| F|  |TAMS 0x0000000084100000, 0x0000000084100000| Untracked 
|  36|0x0000000084200000, 0x0000000084200000, 0x0000000084300000|  0%| F|  |TAMS 0x0000000084200000, 0x0000000084200000| Untracked 
|  37|0x0000000084300000, 0x0000000084300000, 0x0000000084400000|  0%| F|  |TAMS 0x0000000084300000, 0x0000000084300000| Untracked 
|  38|0x0000000084400000, 0x0000000084400000, 0x0000000084500000|  0%| F|  |TAMS 0x0000000084400000, 0x0000000084400000| Untracked 
|  39|0x0000000084500000, 0x0000000084500000, 0x0000000084600000|  0%| F|  |TAMS 0x0000000084500000, 0x0000000084500000| Untracked 
|  40|0x0000000084600000, 0x0000000084600000, 0x0000000084700000|  0%| F|  |TAMS 0x0000000084600000, 0x0000000084600000| Untracked 
|  41|0x0000000084700000, 0x0000000084700000, 0x0000000084800000|  0%| F|  |TAMS 0x0000000084700000, 0x0000000084700000| Untracked 
|  42|0x0000000084800000, 0x0000000084800000, 0x0000000084900000|  0%| F|  |TAMS 0x0000000084800000, 0x0000000084800000| Untracked 
|  43|0x0000000084900000, 0x0000000084900000, 0x0000000084a00000|  0%| F|  |TAMS 0x0000000084900000, 0x0000000084900000| Untracked 
|  44|0x0000000084a00000, 0x0000000084a00000, 0x0000000084b00000|  0%| F|  |TAMS 0x0000000084a00000, 0x0000000084a00000| Untracked 
|  45|0x0000000084b00000, 0x0000000084b00000, 0x0000000084c00000|  0%| F|  |TAMS 0x0000000084b00000, 0x0000000084b00000| Untracked 
|  46|0x0000000084c00000, 0x0000000084c00000, 0x0000000084d00000|  0%| F|  |TAMS 0x0000000084c00000, 0x0000000084c00000| Untracked 
|  47|0x0000000084d00000, 0x0000000084d00000, 0x0000000084e00000|  0%| F|  |TAMS 0x0000000084d00000, 0x0000000084d00000| Untracked 
|  48|0x0000000084e00000, 0x0000000084e00000, 0x0000000084f00000|  0%| F|  |TAMS 0x0000000084e00000, 0x0000000084e00000| Untracked 
|  49|0x0000000084f00000, 0x0000000084f00000, 0x0000000085000000|  0%| F|  |TAMS 0x0000000084f00000, 0x0000000084f00000| Untracked 
|  50|0x0000000085000000, 0x0000000085000000, 0x0000000085100000|  0%| F|  |TAMS 0x0000000085000000, 0x0000000085000000| Untracked 
|  51|0x0000000085100000, 0x0000000085100000, 0x0000000085200000|  0%| F|  |TAMS 0x0000000085100000, 0x0000000085100000| Untracked 
|  52|0x0000000085200000, 0x0000000085200000, 0x0000000085300000|  0%| F|  |TAMS 0x0000000085200000, 0x0000000085200000| Untracked 
|  53|0x0000000085300000, 0x0000000085300000, 0x0000000085400000|  0%| F|  |TAMS 0x0000000085300000, 0x0000000085300000| Untracked 
|  54|0x0000000085400000, 0x0000000085400000, 0x0000000085500000|  0%| F|  |TAMS 0x0000000085400000, 0x0000000085400000| Untracked 
|  55|0x0000000085500000, 0x0000000085500000, 0x0000000085600000|  0%| F|  |TAMS 0x0000000085500000, 0x0000000085500000| Untracked 
|  56|0x0000000085600000, 0x0000000085600000, 0x0000000085700000|  0%| F|  |TAMS 0x0000000085600000, 0x0000000085600000| Untracked 
|  57|0x0000000085700000, 0x0000000085700000, 0x0000000085800000|  0%| F|  |TAMS 0x0000000085700000, 0x0000000085700000| Untracked 
|  58|0x0000000085800000, 0x0000000085800000, 0x0000000085900000|  0%| F|  |TAMS 0x0000000085800000, 0x0000000085800000| Untracked 
|  59|0x0000000085900000, 0x0000000085900000, 0x0000000085a00000|  0%| F|  |TAMS 0x0000000085900000, 0x0000000085900000| Untracked 
|  60|0x0000000085a00000, 0x0000000085a00000, 0x0000000085b00000|  0%| F|  |TAMS 0x0000000085a00000, 0x0000000085a00000| Untracked 
|  61|0x0000000085b00000, 0x0000000085b00000, 0x0000000085c00000|  0%| F|  |TAMS 0x0000000085b00000, 0x0000000085b00000| Untracked 
|  62|0x0000000085c00000, 0x0000000085c00000, 0x0000000085d00000|  0%| F|  |TAMS 0x0000000085c00000, 0x0000000085c00000| Untracked 
|  63|0x0000000085d00000, 0x0000000085d00000, 0x0000000085e00000|  0%| F|  |TAMS 0x0000000085d00000, 0x0000000085d00000| Untracked 
|  64|0x0000000085e00000, 0x0000000085e00000, 0x0000000085f00000|  0%| F|  |TAMS 0x0000000085e00000, 0x0000000085e00000| Untracked 
|  65|0x0000000085f00000, 0x0000000085f00000, 0x0000000086000000|  0%| F|  |TAMS 0x0000000085f00000, 0x0000000085f00000| Untracked 
|  66|0x0000000086000000, 0x0000000086000000, 0x0000000086100000|  0%| F|  |TAMS 0x0000000086000000, 0x0000000086000000| Untracked 
|  67|0x0000000086100000, 0x0000000086100000, 0x0000000086200000|  0%| F|  |TAMS 0x0000000086100000, 0x0000000086100000| Untracked 
|  68|0x0000000086200000, 0x0000000086200000, 0x0000000086300000|  0%| F|  |TAMS 0x0000000086200000, 0x0000000086200000| Untracked 
|  69|0x0000000086300000, 0x0000000086300000, 0x0000000086400000|  0%| F|  |TAMS 0x0000000086300000, 0x0000000086300000| Untracked 
|  70|0x0000000086400000, 0x0000000086400000, 0x0000000086500000|  0%| F|  |TAMS 0x0000000086400000, 0x0000000086400000| Untracked 
|  71|0x0000000086500000, 0x0000000086500000, 0x0000000086600000|  0%| F|  |TAMS 0x0000000086500000, 0x0000000086500000| Untracked 
|  72|0x0000000086600000, 0x0000000086600000, 0x0000000086700000|  0%| F|  |TAMS 0x0000000086600000, 0x0000000086600000| Untracked 
|  73|0x0000000086700000, 0x0000000086700000, 0x0000000086800000|  0%| F|  |TAMS 0x0000000086700000, 0x0000000086700000| Untracked 
|  74|0x0000000086800000, 0x0000000086800000, 0x0000000086900000|  0%| F|  |TAMS 0x0000000086800000, 0x0000000086800000| Untracked 
|  75|0x0000000086900000, 0x0000000086900000, 0x0000000086a00000|  0%| F|  |TAMS 0x0000000086900000, 0x0000000086900000| Untracked 
|  76|0x0000000086a00000, 0x0000000086a00000, 0x0000000086b00000|  0%| F|  |TAMS 0x0000000086a00000, 0x0000000086a00000| Untracked 
|  77|0x0000000086b00000, 0x0000000086b00000, 0x0000000086c00000|  0%| F|  |TAMS 0x0000000086b00000, 0x0000000086b00000| Untracked 
|  78|0x0000000086c00000, 0x0000000086c00000, 0x0000000086d00000|  0%| F|  |TAMS 0x0000000086c00000, 0x0000000086c00000| Untracked 
|  79|0x0000000086d00000, 0x0000000086d00000, 0x0000000086e00000|  0%| F|  |TAMS 0x0000000086d00000, 0x0000000086d00000| Untracked 
|  80|0x0000000086e00000, 0x0000000086e00000, 0x0000000086f00000|  0%| F|  |TAMS 0x0000000086e00000, 0x0000000086e00000| Untracked 
|  81|0x0000000086f00000, 0x0000000086f00000, 0x0000000087000000|  0%| F|  |TAMS 0x0000000086f00000, 0x0000000086f00000| Untracked 
|  82|0x0000000087000000, 0x0000000087000000, 0x0000000087100000|  0%| F|  |TAMS 0x0000000087000000, 0x0000000087000000| Untracked 
|  83|0x0000000087100000, 0x0000000087100000, 0x0000000087200000|  0%| F|  |TAMS 0x0000000087100000, 0x0000000087100000| Untracked 
|  84|0x0000000087200000, 0x0000000087200000, 0x0000000087300000|  0%| F|  |TAMS 0x0000000087200000, 0x0000000087200000| Untracked 
|  85|0x0000000087300000, 0x0000000087300000, 0x0000000087400000|  0%| F|  |TAMS 0x0000000087300000, 0x0000000087300000| Untracked 
|  86|0x0000000087400000, 0x0000000087400000, 0x0000000087500000|  0%| F|  |TAMS 0x0000000087400000, 0x0000000087400000| Untracked 
|  87|0x0000000087500000, 0x0000000087500000, 0x0000000087600000|  0%| F|  |TAMS 0x0000000087500000, 0x0000000087500000| Untracked 
|  88|0x0000000087600000, 0x0000000087600000, 0x0000000087700000|  0%| F|  |TAMS 0x0000000087600000, 0x0000000087600000| Untracked 
|  89|0x0000000087700000, 0x0000000087700000, 0x0000000087800000|  0%| F|  |TAMS 0x0000000087700000, 0x0000000087700000| Untracked 
|  90|0x0000000087800000, 0x0000000087800000, 0x0000000087900000|  0%| F|  |TAMS 0x0000000087800000, 0x0000000087800000| Untracked 
|  91|0x0000000087900000, 0x0000000087900000, 0x0000000087a00000|  0%| F|  |TAMS 0x0000000087900000, 0x0000000087900000| Untracked 
|  92|0x0000000087a00000, 0x0000000087a00000, 0x0000000087b00000|  0%| F|  |TAMS 0x0000000087a00000, 0x0000000087a00000| Untracked 
|  93|0x0000000087b00000, 0x0000000087b00000, 0x0000000087c00000|  0%| F|  |TAMS 0x0000000087b00000, 0x0000000087b00000| Untracked 
|  94|0x0000000087c00000, 0x0000000087c00000, 0x0000000087d00000|  0%| F|  |TAMS 0x0000000087c00000, 0x0000000087c00000| Untracked 
|  95|0x0000000087d00000, 0x0000000087d00000, 0x0000000087e00000|  0%| F|  |TAMS 0x0000000087d00000, 0x0000000087d00000| Untracked 
|  96|0x0000000087e00000, 0x0000000087e00000, 0x0000000087f00000|  0%| F|  |TAMS 0x0000000087e00000, 0x0000000087e00000| Untracked 
|  97|0x0000000087f00000, 0x0000000087f00000, 0x0000000088000000|  0%| F|  |TAMS 0x0000000087f00000, 0x0000000087f00000| Untracked 
|  98|0x0000000088000000, 0x0000000088000000, 0x0000000088100000|  0%| F|  |TAMS 0x0000000088000000, 0x0000000088000000| Untracked 
|  99|0x0000000088100000, 0x0000000088100000, 0x0000000088200000|  0%| F|  |TAMS 0x0000000088100000, 0x0000000088100000| Untracked 
| 100|0x0000000088200000, 0x0000000088200000, 0x0000000088300000|  0%| F|  |TAMS 0x0000000088200000, 0x0000000088200000| Untracked 
| 101|0x0000000088300000, 0x0000000088300000, 0x0000000088400000|  0%| F|  |TAMS 0x0000000088300000, 0x0000000088300000| Untracked 
| 102|0x0000000088400000, 0x0000000088400000, 0x0000000088500000|  0%| F|  |TAMS 0x0000000088400000, 0x0000000088400000| Untracked 
| 103|0x0000000088500000, 0x0000000088500000, 0x0000000088600000|  0%| F|  |TAMS 0x0000000088500000, 0x0000000088500000| Untracked 
| 104|0x0000000088600000, 0x0000000088600000, 0x0000000088700000|  0%| F|  |TAMS 0x0000000088600000, 0x0000000088600000| Untracked 
| 105|0x0000000088700000, 0x0000000088700000, 0x0000000088800000|  0%| F|  |TAMS 0x0000000088700000, 0x0000000088700000| Untracked 
| 106|0x0000000088800000, 0x0000000088800000, 0x0000000088900000|  0%| F|  |TAMS 0x0000000088800000, 0x0000000088800000| Untracked 
| 107|0x0000000088900000, 0x0000000088900000, 0x0000000088a00000|  0%| F|  |TAMS 0x0000000088900000, 0x0000000088900000| Untracked 
| 108|0x0000000088a00000, 0x0000000088a00000, 0x0000000088b00000|  0%| F|  |TAMS 0x0000000088a00000, 0x0000000088a00000| Untracked 
| 109|0x0000000088b00000, 0x0000000088b00000, 0x0000000088c00000|  0%| F|  |TAMS 0x0000000088b00000, 0x0000000088b00000| Untracked 
| 110|0x0000000088c00000, 0x0000000088c00000, 0x0000000088d00000|  0%| F|  |TAMS 0x0000000088c00000, 0x0000000088c00000| Untracked 
| 111|0x0000000088d00000, 0x0000000088d00000, 0x0000000088e00000|  0%| F|  |TAMS 0x0000000088d00000, 0x0000000088d00000| Untracked 
| 112|0x0000000088e00000, 0x0000000088e00000, 0x0000000088f00000|  0%| F|  |TAMS 0x0000000088e00000, 0x0000000088e00000| Untracked 
| 113|0x0000000088f00000, 0x0000000088f00000, 0x0000000089000000|  0%| F|  |TAMS 0x0000000088f00000, 0x0000000088f00000| Untracked 
| 114|0x0000000089000000, 0x0000000089000000, 0x0000000089100000|  0%| F|  |TAMS 0x0000000089000000, 0x0000000089000000| Untracked 
| 115|0x0000000089100000, 0x0000000089100000, 0x0000000089200000|  0%| F|  |TAMS 0x0000000089100000, 0x0000000089100000| Untracked 
| 116|0x0000000089200000, 0x0000000089200000, 0x0000000089300000|  0%| F|  |TAMS 0x0000000089200000, 0x0000000089200000| Untracked 
| 117|0x0000000089300000, 0x0000000089300000, 0x0000000089400000|  0%| F|  |TAMS 0x0000000089300000, 0x0000000089300000| Untracked 
| 118|0x0000000089400000, 0x0000000089400000, 0x0000000089500000|  0%| F|  |TAMS 0x0000000089400000, 0x0000000089400000| Untracked 
| 119|0x0000000089500000, 0x0000000089500000, 0x0000000089600000|  0%| F|  |TAMS 0x0000000089500000, 0x0000000089500000| Untracked 
| 120|0x0000000089600000, 0x0000000089600000, 0x0000000089700000|  0%| F|  |TAMS 0x0000000089600000, 0x0000000089600000| Untracked 
| 121|0x0000000089700000, 0x0000000089700000, 0x0000000089800000|  0%| F|  |TAMS 0x0000000089700000, 0x0000000089700000| Untracked 
| 122|0x0000000089800000, 0x0000000089800000, 0x0000000089900000|  0%| F|  |TAMS 0x0000000089800000, 0x0000000089800000| Untracked 
| 123|0x0000000089900000, 0x0000000089900000, 0x0000000089a00000|  0%| F|  |TAMS 0x0000000089900000, 0x0000000089900000| Untracked 
| 124|0x0000000089a00000, 0x0000000089a00000, 0x0000000089b00000|  0%| F|  |TAMS 0x0000000089a00000, 0x0000000089a00000| Untracked 
| 125|0x0000000089b00000, 0x0000000089b76570, 0x0000000089c00000| 46%| E|  |TAMS 0x0000000089b00000, 0x0000000089b00000| Complete 
| 126|0x0000000089c00000, 0x0000000089d00000, 0x0000000089d00000|100%| E|CS|TAMS 0x0000000089c00000, 0x0000000089c00000| Complete 
| 127|0x0000000089d00000, 0x0000000089e00000, 0x0000000089e00000|100%| E|CS|TAMS 0x0000000089d00000, 0x0000000089d00000| Complete 

Card table byte_map: [0x0000021ecffe0000,0x0000021ed03e0000] _byte_map_base: 0x0000021ecfbd1000

Marking Bits (Prev, Next): (CMBitMap*) 0x0000021ebd436180, (CMBitMap*) 0x0000021ebd4361c0
 Prev Bits: [0x0000021ed07e0000, 0x0000021ed2768000)
 Next Bits: [0x0000021ed2770000, 0x0000021ed46f8000)

Polling page: 0x0000021ebb360000

Metaspace:

Usage:
  Non-class:      5.94 MB used.
      Class:    582.77 KB used.
       Both:      6.51 MB used.

Virtual space:
  Non-class space:        8.00 MB reserved,       6.00 MB ( 75%) committed,  1 nodes.
      Class space:        1.00 GB reserved,     640.00 KB ( <1%) committed,  1 nodes.
             Both:        1.01 GB reserved,       6.62 MB ( <1%) committed. 

Chunk freelists:
   Non-Class:  2.02 MB
       Class:  3.23 MB
        Both:  5.25 MB

MaxMetaspaceSize: unlimited
CompressedClassSpaceSize: 1.00 GB
Initial GC threshold: 21.00 MB
Current GC threshold: 21.00 MB
CDS: off
MetaspaceReclaimPolicy: balanced
 - commit_granule_bytes: 65536.
 - commit_granule_words: 8192.
 - virtual_space_node_default_size: 1048576.
 - enlarge_chunks_in_place: 1.
 - new_chunks_are_fully_committed: 0.
 - uncommit_free_chunks: 1.
 - use_allocation_guard: 0.
 - handle_deallocations: 1.


Internal statistics:

num_allocs_failed_limit: 0.
num_arena_births: 6.
num_arena_deaths: 0.
num_vsnodes_births: 2.
num_vsnodes_deaths: 0.
num_space_committed: 106.
num_space_uncommitted: 0.
num_chunks_returned_to_freelist: 0.
num_chunks_taken_from_freelist: 28.
num_chunk_merges: 0.
num_chunk_splits: 12.
num_chunks_enlarged: 7.
num_purges: 0.
num_inconsistent_stats: 0.

CodeHeap 'non-profiled nmethods': size=120000Kb used=50Kb max_used=50Kb free=119950Kb
 bounds [0x0000021ec8380000, 0x0000021ec85f0000, 0x0000021ecf8b0000]
CodeHeap 'profiled nmethods': size=120000Kb used=317Kb max_used=317Kb free=119682Kb
 bounds [0x0000021ec08b0000, 0x0000021ec0b20000, 0x0000021ec7de0000]
CodeHeap 'non-nmethods': size=5760Kb used=1099Kb max_used=1110Kb free=4660Kb
 bounds [0x0000021ec7de0000, 0x0000021ec8050000, 0x0000021ec8380000]
 total_blobs=574 nmethods=201 adapters=286
 compilation: enabled
              stopped_count=0, restarted_count=0
 full_count=0

Compilation events (20 events):
Event: 0.810 Thread 0x0000021ed7c489e0  196       3       java.io.DataInputStream::readShort (40 bytes)
Event: 0.811 Thread 0x0000021ed7c489e0 nmethod 196 0x0000021ec08fa510 code [0x0000021ec08fa6e0, 0x0000021ec08faa48]
Event: 0.811 Thread 0x0000021ed7c489e0  190       3       java.lang.String::<init> (14 bytes)
Event: 0.812 Thread 0x0000021ed7c489e0 nmethod 190 0x0000021ec08fab90 code [0x0000021ec08fad40, 0x0000021ec08faf58]
Event: 0.822 Thread 0x0000021ed7c489e0  197       3       java.util.HashMap::resize (356 bytes)
Event: 0.826 Thread 0x0000021ed7c489e0 nmethod 197 0x0000021ec08fb090 code [0x0000021ec08fb340, 0x0000021ec08fc788]
Event: 0.826 Thread 0x0000021ed7c489e0  198  s    3       java.io.ByteArrayInputStream::read (36 bytes)
Event: 0.827 Thread 0x0000021ed7c489e0 nmethod 198 0x0000021ec08fcc10 code [0x0000021ec08fcdc0, 0x0000021ec08fd018]
Event: 0.827 Thread 0x0000021ed7c489e0  199       3       java.io.DataInputStream::readByte (23 bytes)
Event: 0.828 Thread 0x0000021ed7c489e0 nmethod 199 0x0000021ec08fd110 code [0x0000021ec08fd2c0, 0x0000021ec08fd558]
Event: 0.837 Thread 0x0000021ed7c489e0  200       3       java.util.zip.Checksum::update (11 bytes)
Event: 0.837 Thread 0x0000021ed7c489e0 nmethod 200 0x0000021ec08fd690 code [0x0000021ec08fd840, 0x0000021ec08fda48]
Event: 0.837 Thread 0x0000021ed7c489e0  202       3       java.util.zip.CRC32::updateBytes (14 bytes)
Event: 0.837 Thread 0x0000021ed7c489e0 nmethod 202 0x0000021ec08fdb90 code [0x0000021ec08fdd40, 0x0000021ec08fdea8]
Event: 0.837 Thread 0x0000021ed7c489e0  201       3       java.util.zip.CRC32::update (51 bytes)
Event: 0.838 Thread 0x0000021ed7c489e0 nmethod 201 0x0000021ec08fdf90 code [0x0000021ec08fe180, 0x0000021ec08fe5a8]
Event: 0.838 Thread 0x0000021ed7c489e0  203       3       java.util.zip.CRC32::updateBytesCheck (55 bytes)
Event: 0.838 Thread 0x0000021ed7c489e0 nmethod 203 0x0000021ec08fe790 code [0x0000021ec08fe980, 0x0000021ec08fee08]
Event: 0.838 Thread 0x0000021ed7c489e0  204       3       sun.util.calendar.ZoneInfoFile$Checksum::update (39 bytes)
Event: 0.838 Thread 0x0000021ed7c489e0 nmethod 204 0x0000021ec08ff010 code [0x0000021ec08ff1c0, 0x0000021ec08ff528]

GC Heap History (0 events):
No events

Dll operation events (2 events):
Event: 0.030 Loaded shared library C:\Program Files\Android\Android Studio\jbr\bin\java.dll
Event: 0.668 Loaded shared library C:\Program Files\Android\Android Studio\jbr\bin\verify.dll

Deoptimization events (20 events):
Event: 0.576 Thread 0x0000021ebd3da600 DEOPT PACKING pc=0x0000021ec08ca58c sp=0x000000caee6fa1d0
Event: 0.576 Thread 0x0000021ebd3da600 DEOPT UNPACKING pc=0x0000021ec7e37143 sp=0x000000caee6f9660 mode 0
Event: 0.576 Thread 0x0000021ebd3da600 DEOPT PACKING pc=0x0000021ec08ca58c sp=0x000000caee6fa1d0
Event: 0.577 Thread 0x0000021ebd3da600 DEOPT UNPACKING pc=0x0000021ec7e37143 sp=0x000000caee6f9660 mode 0
Event: 0.624 Thread 0x0000021ebd3da600 Uncommon trap: trap_request=0xffffff45 fr.pc=0x0000021ec8385118 relative=0x0000000000000658
Event: 0.624 Thread 0x0000021ebd3da600 Uncommon trap: reason=unstable_if action=reinterpret pc=0x0000021ec8385118 method=java.util.zip.ZipCoder$UTF8ZipCoder.checkedHash([BII)I @ 75 c2
Event: 0.624 Thread 0x0000021ebd3da600 DEOPT PACKING pc=0x0000021ec8385118 sp=0x000000caee6fa200
Event: 0.624 Thread 0x0000021ebd3da600 DEOPT UNPACKING pc=0x0000021ec7e369a3 sp=0x000000caee6fa0c8 mode 2
Event: 0.624 Thread 0x0000021ebd3da600 Uncommon trap: trap_request=0xffffff45 fr.pc=0x0000021ec8385a88 relative=0x0000000000000168
Event: 0.624 Thread 0x0000021ebd3da600 Uncommon trap: reason=unstable_if action=reinterpret pc=0x0000021ec8385a88 method=java.util.zip.ZipFile$Source.isMetaName([BII)Z @ 15 c2
Event: 0.624 Thread 0x0000021ebd3da600 DEOPT PACKING pc=0x0000021ec8385a88 sp=0x000000caee6fa210
Event: 0.624 Thread 0x0000021ebd3da600 DEOPT UNPACKING pc=0x0000021ec7e369a3 sp=0x000000caee6fa1a0 mode 2
Event: 0.624 Thread 0x0000021ebd3da600 Uncommon trap: trap_request=0xffffff45 fr.pc=0x0000021ec8384410 relative=0x0000000000000270
Event: 0.624 Thread 0x0000021ebd3da600 Uncommon trap: reason=unstable_if action=reinterpret pc=0x0000021ec8384410 method=java.util.zip.ZipCoder$UTF8ZipCoder.checkedHash([BII)I @ 75 c2
Event: 0.624 Thread 0x0000021ebd3da600 DEOPT PACKING pc=0x0000021ec8384410 sp=0x000000caee6fa130
Event: 0.624 Thread 0x0000021ebd3da600 DEOPT UNPACKING pc=0x0000021ec7e369a3 sp=0x000000caee6fa0c0 mode 2
Event: 0.624 Thread 0x0000021ebd3da600 Uncommon trap: trap_request=0xffffff45 fr.pc=0x0000021ec8383db8 relative=0x0000000000000298
Event: 0.624 Thread 0x0000021ebd3da600 Uncommon trap: reason=unstable_if action=reinterpret pc=0x0000021ec8383db8 method=java.util.zip.ZipCoder$UTF8ZipCoder.checkedHash([BII)I @ 75 c2
Event: 0.624 Thread 0x0000021ebd3da600 DEOPT PACKING pc=0x0000021ec8383db8 sp=0x000000caee6fa110
Event: 0.624 Thread 0x0000021ebd3da600 DEOPT UNPACKING pc=0x0000021ec7e369a3 sp=0x000000caee6fa0c0 mode 2

Classes unloaded (0 events):
No events

Classes redefined (0 events):
No events

Internal exceptions (0 events):
No events

VM Operations (6 events):
Event: 0.628 Executing VM operation: HandshakeAllThreads
Event: 0.628 Executing VM operation: HandshakeAllThreads done
Event: 0.628 Executing VM operation: HandshakeAllThreads
Event: 0.628 Executing VM operation: HandshakeAllThreads done
Event: 0.721 Executing VM operation: HandshakeAllThreads
Event: 0.721 Executing VM operation: HandshakeAllThreads done

Events (20 events):
Event: 0.758 loading class sun/util/calendar/ZoneInfoFile$1 done
Event: 0.758 loading class java/io/DataInputStream
Event: 0.759 loading class java/io/DataInputStream done
Event: 0.822 loading class java/io/FileInputStream$1
Event: 0.823 loading class java/io/FileInputStream$1 done
Event: 0.824 loading class sun/util/calendar/ZoneInfoFile$ZoneOffsetTransitionRule
Event: 0.825 loading class sun/util/calendar/ZoneInfoFile$ZoneOffsetTransitionRule done
Event: 0.826 loading class sun/util/calendar/ZoneInfoFile$Checksum
Event: 0.826 loading class sun/util/calendar/ZoneInfoFile$Checksum done
Event: 0.839 loading class sun/util/spi/CalendarProvider
Event: 0.840 loading class java/util/spi/LocaleServiceProvider
Event: 0.840 loading class java/util/spi/LocaleServiceProvider done
Event: 0.840 loading class sun/util/spi/CalendarProvider done
Event: 0.840 loading class sun/util/locale/provider/LocaleProviderAdapter
Event: 0.841 loading class sun/util/locale/provider/LocaleProviderAdapter done
Event: 0.841 loading class sun/util/locale/provider/LocaleProviderAdapter$Type
Event: 0.841 loading class sun/util/locale/provider/LocaleProviderAdapter$Type done
Event: 0.841 loading class java/util/Collections$UnmodifiableList
Event: 0.841 loading class java/util/Collections$UnmodifiableList done
Event: 0.841 loading class java/util/Collections$UnmodifiableRandomAccessList


Dynamic libraries:
0x00007ff723b20000 - 0x00007ff723b2a000 	C:\Program Files\Android\Android Studio\jbr\bin\java.exe
0x00007ffe62870000 - 0x00007ffe62a68000 	C:\WINDOWS\SYSTEM32\ntdll.dll
0x00007ffe60f30000 - 0x00007ffe60fef000 	C:\WINDOWS\System32\KERNEL32.DLL
0x00007ffe60110000 - 0x00007ffe60406000 	C:\WINDOWS\System32\KERNELBASE.dll
0x00007ffe604d0000 - 0x00007ffe605d0000 	C:\WINDOWS\System32\ucrtbase.dll
0x00007ffe59800000 - 0x00007ffe59817000 	C:\Program Files\Android\Android Studio\jbr\bin\jli.dll
0x00007ffe597e0000 - 0x00007ffe597fb000 	C:\Program Files\Android\Android Studio\jbr\bin\VCRUNTIME140.dll
0x00007ffe60b00000 - 0x00007ffe60c9d000 	C:\WINDOWS\System32\USER32.dll
0x00007ffe60410000 - 0x00007ffe60432000 	C:\WINDOWS\System32\win32u.dll
0x00007ffe4a980000 - 0x00007ffe4ac1a000 	C:\WINDOWS\WinSxS\amd64_microsoft.windows.common-controls_6595b64144ccf1df_6.0.19041.1110_none_60b5254171f9507e\COMCTL32.dll
0x00007ffe61780000 - 0x00007ffe617ac000 	C:\WINDOWS\System32\GDI32.dll
0x00007ffe60cb0000 - 0x00007ffe60d4e000 	C:\WINDOWS\System32\msvcrt.dll
0x00007ffe5ff50000 - 0x00007ffe60065000 	C:\WINDOWS\System32\gdi32full.dll
0x00007ffe60830000 - 0x00007ffe608cd000 	C:\WINDOWS\System32\msvcp_win.dll
0x00007ffe616e0000 - 0x00007ffe61710000 	C:\WINDOWS\System32\IMM32.DLL
0x00007ffe5adb0000 - 0x00007ffe5adbc000 	C:\Program Files\Android\Android Studio\jbr\bin\vcruntime140_1.dll
0x00007ffe32d00000 - 0x00007ffe32d8d000 	C:\Program Files\Android\Android Studio\jbr\bin\msvcp140.dll
0x00007ffe05a30000 - 0x00007ffe0669d000 	C:\Program Files\Android\Android Studio\jbr\bin\server\jvm.dll
0x00007ffe62190000 - 0x00007ffe6223f000 	C:\WINDOWS\System32\ADVAPI32.dll
0x00007ffe61070000 - 0x00007ffe6110c000 	C:\WINDOWS\System32\sechost.dll
0x00007ffe60d50000 - 0x00007ffe60e76000 	C:\WINDOWS\System32\RPCRT4.dll
0x00007ffe48bc0000 - 0x00007ffe48be7000 	C:\WINDOWS\SYSTEM32\WINMM.dll
0x00007ffe57d10000 - 0x00007ffe57d1a000 	C:\WINDOWS\SYSTEM32\VERSION.dll
0x00007ffe57250000 - 0x00007ffe57259000 	C:\WINDOWS\SYSTEM32\WSOCK32.dll
0x00007ffe61710000 - 0x00007ffe6177b000 	C:\WINDOWS\System32\WS2_32.dll
0x00007ffe5e790000 - 0x00007ffe5e7a2000 	C:\WINDOWS\SYSTEM32\kernel.appcore.dll
0x00007ffe54960000 - 0x00007ffe5496a000 	C:\Program Files\Android\Android Studio\jbr\bin\jimage.dll
0x00007ffe5dbb0000 - 0x00007ffe5dd94000 	C:\WINDOWS\SYSTEM32\DBGHELP.DLL
0x00007ffe43a90000 - 0x00007ffe43ac4000 	C:\WINDOWS\SYSTEM32\dbgcore.DLL
0x00007ffe60440000 - 0x00007ffe604c2000 	C:\WINDOWS\System32\bcryptPrimitives.dll
0x00007ffe4cbf0000 - 0x00007ffe4cc15000 	C:\Program Files\Android\Android Studio\jbr\bin\java.dll
0x00007ffe51ab0000 - 0x00007ffe51ac8000 	C:\Program Files\Android\Android Studio\jbr\bin\zip.dll
0x00007ffe619d0000 - 0x00007ffe62114000 	C:\WINDOWS\System32\SHELL32.dll
0x00007ffe5dfe0000 - 0x00007ffe5e774000 	C:\WINDOWS\SYSTEM32\windows.storage.dll
0x00007ffe61380000 - 0x00007ffe616d4000 	C:\WINDOWS\System32\combase.dll
0x00007ffe5f8c0000 - 0x00007ffe5f8ee000 	C:\WINDOWS\SYSTEM32\Wldp.dll
0x00007ffe60e80000 - 0x00007ffe60f2d000 	C:\WINDOWS\System32\SHCORE.dll
0x00007ffe60a80000 - 0x00007ffe60ad5000 	C:\WINDOWS\System32\shlwapi.dll
0x00007ffe5fe80000 - 0x00007ffe5fea5000 	C:\WINDOWS\SYSTEM32\profapi.dll
0x00007ffe4c160000 - 0x00007ffe4c179000 	C:\Program Files\Android\Android Studio\jbr\bin\net.dll
0x00007ffe58500000 - 0x00007ffe5860a000 	C:\WINDOWS\SYSTEM32\WINHTTP.dll
0x00007ffe5f620000 - 0x00007ffe5f68a000 	C:\WINDOWS\system32\mswsock.dll
0x00007ffe4a1b0000 - 0x00007ffe4a1c6000 	C:\Program Files\Android\Android Studio\jbr\bin\nio.dll
0x00007ffe4a3b0000 - 0x00007ffe4a3c0000 	C:\Program Files\Android\Android Studio\jbr\bin\verify.dll

dbghelp: loaded successfully - version: 4.0.5 - missing functions: none
symbol engine: initialized successfully - sym options: 0x614 - pdb path: .;C:\Program Files\Android\Android Studio\jbr\bin;C:\WINDOWS\SYSTEM32;C:\WINDOWS\WinSxS\amd64_microsoft.windows.common-controls_6595b64144ccf1df_6.0.19041.1110_none_60b5254171f9507e;C:\Program Files\Android\Android Studio\jbr\bin\server

VM Arguments:
java_command: git4idea.http.GitAskPassApp Username for 'https://github.com': 
java_class_path (initial): C:/Program Files/Android/Android Studio/plugins/git4idea/lib/git4idea-rt.jar;C:/Program Files/Android/Android Studio/lib/externalProcess-rt.jar;C:/Program Files/Android/Android Studio/lib/app.jar;C:/Program Files/Android/Android Studio/lib/3rd-party-rt.jar
Launcher Type: SUN_STANDARD

[Global flags]
     intx CICompilerCount                          = 4                                         {product} {ergonomic}
     uint ConcGCThreads                            = 2                                         {product} {ergonomic}
     uint G1ConcRefinementThreads                  = 8                                         {product} {ergonomic}
   size_t G1HeapRegionSize                         = 1048576                                   {product} {ergonomic}
    uintx GCDrainStackTargetSize                   = 64                                        {product} {ergonomic}
   size_t InitialHeapSize                          = 134217728                                 {product} {ergonomic}
   size_t MarkStackSize                            = 4194304                                   {product} {ergonomic}
   size_t MaxHeapSize                              = 2116026368                                {product} {ergonomic}
   size_t MaxNewSize                               = 1268776960                                {product} {ergonomic}
   size_t MinHeapDeltaBytes                        = 1048576                                   {product} {ergonomic}
   size_t MinHeapSize                              = 8388608                                   {product} {ergonomic}
    uintx NonNMethodCodeHeapSize                   = 5839372                                {pd product} {ergonomic}
    uintx NonProfiledCodeHeapSize                  = 122909434                              {pd product} {ergonomic}
    uintx ProfiledCodeHeapSize                     = 122909434                              {pd product} {ergonomic}
    uintx ReservedCodeCacheSize                    = 251658240                              {pd product} {ergonomic}
     bool SegmentedCodeCache                       = true                                      {product} {ergonomic}
   size_t SoftMaxHeapSize                          = 2116026368                             {manageable} {ergonomic}
     bool UseCompressedClassPointers               = true                           {product lp64_product} {ergonomic}
     bool UseCompressedOops                        = true                           {product lp64_product} {ergonomic}
     bool UseG1GC                                  = true                                      {product} {ergonomic}
     bool UseLargePagesIndividualAllocation        = false                                  {pd product} {ergonomic}

Logging:
Log output configuration:
 #0: stdout all=warning uptime,level,tags
 #1: stderr all=off uptime,level,tags

Environment Variables:
PATH=C:/Program Files/Git/mingw64/libexec/git-core;C:/Program Files/Git/mingw64/libexec/git-core;C:\Program Files\Git\mingw64\bin;C:\Program Files\Git\usr\bin;C:\Users\Akj-Ca\bin;C:\WINDOWS\system32;C:\WINDOWS;C:\WINDOWS\System32\Wbem;C:\WINDOWS\System32\WindowsPowerShell\v1.0\;C:\WINDOWS\System32\OpenSSH\;C:\Program Files\NVIDIA Corporation\NVIDIA NvDLISR;C:\Program Files\nodejs\;C:\Program Files (x86)\NVIDIA Corporation\PhysX\Common;C:\Program Files\Git\cmd;C:\Users\Akj-Ca\AppData\Local\Microsoft\WindowsApps;C:\Users\Akj-Ca\AppData\Roaming\npm;C:\Users\Akj-Ca\AppData\Local\Programs\Microsoft VS Code\bin
USERNAME=Akj-Ca
DISPLAY=:0.0
LC_ALL=en_US.UTF-8
TERM=xterm-256color
TMPDIR=C:\Users\Akj-Ca\AppData\Local\Temp
OS=Windows_NT
PROCESSOR_IDENTIFIER=Intel64 Family 6 Model 158 Stepping 10, GenuineIntel
TMP=C:\Users\Akj-Ca\AppData\Local\Temp
TEMP=C:\Users\Akj-Ca\AppData\Local\Temp



---------------  S Y S T E M  ---------------

OS:
 Windows 10 , 64 bit Build 19041 (10.0.19041.3155)
OS uptime: 4 days 12:12 hours

CPU: total 8 (initial active 8) (4 cores per cpu, 2 threads per core) family 6 model 158 stepping 10 microcode 0xde, cx8, cmov, fxsr, ht, mmx, 3dnowpref, sse, sse2, sse3, ssse3, sse4.1, sse4.2, popcnt, lzcnt, tsc, tscinvbit, avx, avx2, aes, erms, clmul, bmi1, bmi2, adx, fma, vzeroupper, clflush, clflushopt

Memory: 4k page, system-wide physical 8066M (222M free)
TotalPageFile size 17666M (AvailPageFile size 22M)
current process WorkingSet (physical memory assigned to process): 50M, peak: 50M
current process commit charge ("private bytes"): 209M, peak: 209M

vm_info: OpenJDK 64-Bit Server VM (17.0.6+0-b2043.56-9586694) for windows-amd64 JRE (17.0.6+0-b2043.56-9586694), built on Feb  9 2023 20:06:20 by "androidbuild" with MS VC++ 16.10 / 16.11 (VS2019)

END.
