#
# There is insufficient memory for the Java Runtime Environment to continue.
# Native memory allocation (malloc) failed to allocate 1048576 bytes for AllocateHeap
# Possible reasons:
#   The system is out of physical RAM or swap space
#   The process is running with CompressedOops enabled, and the Java Heap may be blocking the growth of the native heap
# Possible solutions:
#   Reduce memory load on the system
#   Increase physical memory or swap space
#   Check if swap backing store is full
#   Decrease Java heap size (-Xmx/-Xms)
#   Decrease number of Java threads
#   Decrease Java thread stack sizes (-Xss)
#   Set larger code cache with -XX:ReservedCodeCacheSize=
#   JVM is running with Unscaled Compressed Oops mode in which the Java heap is
#     placed in the first 4GB address space. The Java Heap base address is the
#     maximum limit for the native heap growth. Please use -XX:HeapBaseMinAddress
#     to set the Java Heap base and to place the Java Heap above 4GB virtual address.
# This output file may be truncated or incomplete.
#
#  Out of Memory Error (allocation.cpp:44), pid=16416, tid=3980
#
# JRE version:  (17.0.6) (build )
# Java VM: OpenJDK 64-Bit Server VM (17.0.6+0-b2043.56-9586694, mixed mode, sharing, tiered, compressed oops, compressed class ptrs, g1 gc, windows-amd64)
# No core dump will be written. Minidumps are not enabled by default on client versions of Windows
#

---------------  S U M M A R Y ------------

Command Line: git4idea.http.GitAskPassApp Username for 'https://github.com': 

Host: Intel(R) Core(TM) i5-8300H CPU @ 2.30GHz, 8 cores, 7G,  Windows 10 , 64 bit Build 19041 (10.0.19041.3155)
Time: Mon Jul 31 01:32:58 2023 Eastern Daylight Time elapsed time: 0.010562 seconds (0d 0h 0m 0s)

---------------  T H R E A D  ---------------

Current thread (0x000001856425a680):  JavaThread "Unknown thread" [_thread_in_vm, id=3980, stack(0x00000032ebb00000,0x00000032ebc00000)]

Stack: [0x00000032ebb00000,0x00000032ebc00000]
Native frames: (J=compiled Java code, j=interpreted, Vv=VM code, C=native code)
V  [jvm.dll+0x683b4a]
V  [jvm.dll+0x842654]
V  [jvm.dll+0x843dfe]
V  [jvm.dll+0x844463]
V  [jvm.dll+0x249b75]
V  [jvm.dll+0xa641f]
V  [jvm.dll+0x2e8e27]
V  [jvm.dll+0x2e0b3b]
V  [jvm.dll+0x813f41]
V  [jvm.dll+0x36e6a1]
V  [jvm.dll+0x7f347c]
V  [jvm.dll+0x3f0e8f]
V  [jvm.dll+0x3f29d1]
C  [jli.dll+0x526b]
C  [ucrtbase.dll+0x21bb2]
C  [KERNEL32.DLL+0x17614]
C  [ntdll.dll+0x526b1]


---------------  P R O C E S S  ---------------

Threads class SMR info:
_java_thread_list=0x00007ffe0656c058, length=0, elements={
}

Java Threads: ( => current thread )

Other Threads:
  0x00000185642b4bf0 GCTaskThread "GC Thread#0" [stack: 0x00000032ebc00000,0x00000032ebd00000] [id=19148]

[error occurred during error reporting (printing all threads), id 0xc0000005, EXCEPTION_ACCESS_VIOLATION (0xc0000005) at pc=0x00007ffe05d1dd70]

VM state: not at safepoint (not fully initialized)

VM Mutex/Monitor currently owned by a thread:  ([mutex/lock_event])
[0x0000018564254300] Heap_lock - owner thread: 0x000001856425a680

Heap address: 0x0000000081e00000, size: 2018 MB, Compressed Oops mode: 32-bit

CDS archive(s) mapped at: [0x0000000000000000-0x0000000000000000-0x0000000000000000), size 0, SharedBaseAddress: 0x0000000800000000, ArchiveRelocationMode: 0.
Narrow klass base: 0x0000000000000000, Narrow klass shift: 0, Narrow klass range: 0x0

GC Precious Log:
<Empty>

Heap:
 garbage-first heap   total 0K, used 0K [0x0000000081e00000, 0x0000000100000000)
  region size 1024K, 0 young (0K), 0 survivors (0K)

[error occurred during error reporting (printing heap information), id 0xc0000005, EXCEPTION_ACCESS_VIOLATION (0xc0000005) at pc=0x00007ffe0610d939]

GC Heap History (0 events):
No events

Dll operation events (1 events):
Event: 0.006 Loaded shared library C:\Program Files\Android\Android Studio\jbr\bin\java.dll

Deoptimization events (0 events):
No events

Classes unloaded (0 events):
No events

Classes redefined (0 events):
No events

Internal exceptions (0 events):
No events

VM Operations (0 events):
No events

Events (0 events):
No events


Dynamic libraries:
0x00007ff723b20000 - 0x00007ff723b2a000 	C:\Program Files\Android\Android Studio\jbr\bin\java.exe
0x00007ffe62870000 - 0x00007ffe62a68000 	C:\WINDOWS\SYSTEM32\ntdll.dll
0x00007ffe60f30000 - 0x00007ffe60fef000 	C:\WINDOWS\System32\KERNEL32.DLL
0x00007ffe60110000 - 0x00007ffe60406000 	C:\WINDOWS\System32\KERNELBASE.dll
0x00007ffe604d0000 - 0x00007ffe605d0000 	C:\WINDOWS\System32\ucrtbase.dll
0x00007ffe59800000 - 0x00007ffe59817000 	C:\Program Files\Android\Android Studio\jbr\bin\jli.dll
0x00007ffe597e0000 - 0x00007ffe597fb000 	C:\Program Files\Android\Android Studio\jbr\bin\VCRUNTIME140.dll
0x00007ffe60b00000 - 0x00007ffe60c9d000 	C:\WINDOWS\System32\USER32.dll
0x00007ffe4a980000 - 0x00007ffe4ac1a000 	C:\WINDOWS\WinSxS\amd64_microsoft.windows.common-controls_6595b64144ccf1df_6.0.19041.1110_none_60b5254171f9507e\COMCTL32.dll
0x00007ffe60410000 - 0x00007ffe60432000 	C:\WINDOWS\System32\win32u.dll
0x00007ffe61780000 - 0x00007ffe617ac000 	C:\WINDOWS\System32\GDI32.dll
0x00007ffe60cb0000 - 0x00007ffe60d4e000 	C:\WINDOWS\System32\msvcrt.dll
0x00007ffe5ff50000 - 0x00007ffe60065000 	C:\WINDOWS\System32\gdi32full.dll
0x00007ffe60830000 - 0x00007ffe608cd000 	C:\WINDOWS\System32\msvcp_win.dll
0x00007ffe616e0000 - 0x00007ffe61710000 	C:\WINDOWS\System32\IMM32.DLL
0x00007ffe5adb0000 - 0x00007ffe5adbc000 	C:\Program Files\Android\Android Studio\jbr\bin\vcruntime140_1.dll
0x00007ffe32d00000 - 0x00007ffe32d8d000 	C:\Program Files\Android\Android Studio\jbr\bin\msvcp140.dll
0x00007ffe05a30000 - 0x00007ffe0669d000 	C:\Program Files\Android\Android Studio\jbr\bin\server\jvm.dll
0x00007ffe62190000 - 0x00007ffe6223f000 	C:\WINDOWS\System32\ADVAPI32.dll
0x00007ffe61070000 - 0x00007ffe6110c000 	C:\WINDOWS\System32\sechost.dll
0x00007ffe60d50000 - 0x00007ffe60e76000 	C:\WINDOWS\System32\RPCRT4.dll
0x00007ffe57250000 - 0x00007ffe57259000 	C:\WINDOWS\SYSTEM32\WSOCK32.dll
0x00007ffe48bc0000 - 0x00007ffe48be7000 	C:\WINDOWS\SYSTEM32\WINMM.dll
0x00007ffe61710000 - 0x00007ffe6177b000 	C:\WINDOWS\System32\WS2_32.dll
0x00007ffe57d10000 - 0x00007ffe57d1a000 	C:\WINDOWS\SYSTEM32\VERSION.dll
0x00007ffe5e790000 - 0x00007ffe5e7a2000 	C:\WINDOWS\SYSTEM32\kernel.appcore.dll
0x00007ffe54960000 - 0x00007ffe5496a000 	C:\Program Files\Android\Android Studio\jbr\bin\jimage.dll
0x00007ffe5dbb0000 - 0x00007ffe5dd94000 	C:\WINDOWS\SYSTEM32\DBGHELP.DLL
0x00007ffe43a90000 - 0x00007ffe43ac4000 	C:\WINDOWS\SYSTEM32\dbgcore.DLL
0x00007ffe60440000 - 0x00007ffe604c2000 	C:\WINDOWS\System32\bcryptPrimitives.dll
0x00007ffe4cbf0000 - 0x00007ffe4cc15000 	C:\Program Files\Android\Android Studio\jbr\bin\java.dll

dbghelp: loaded successfully - version: 4.0.5 - missing functions: none
symbol engine: initialized successfully - sym options: 0x614 - pdb path: .;C:\Program Files\Android\Android Studio\jbr\bin;C:\WINDOWS\SYSTEM32;C:\WINDOWS\WinSxS\amd64_microsoft.windows.common-controls_6595b64144ccf1df_6.0.19041.1110_none_60b5254171f9507e;C:\Program Files\Android\Android Studio\jbr\bin\server

VM Arguments:
java_command: git4idea.http.GitAskPassApp Username for 'https://github.com': 
java_class_path (initial): C:/Program Files/Android/Android Studio/plugins/git4idea/lib/git4idea-rt.jar;C:/Program Files/Android/Android Studio/lib/externalProcess-rt.jar;C:/Program Files/Android/Android Studio/lib/app.jar;C:/Program Files/Android/Android Studio/lib/3rd-party-rt.jar
Launcher Type: SUN_STANDARD

[Global flags]
     intx CICompilerCount                          = 4                                         {product} {ergonomic}
     uint ConcGCThreads                            = 2                                         {product} {ergonomic}
     uint G1ConcRefinementThreads                  = 8                                         {product} {ergonomic}
   size_t G1HeapRegionSize                         = 1048576                                   {product} {ergonomic}
    uintx GCDrainStackTargetSize                   = 64                                        {product} {ergonomic}
   size_t InitialHeapSize                          = 134217728                                 {product} {ergonomic}
   size_t MarkStackSize                            = 4194304                                   {product} {ergonomic}
   size_t MaxHeapSize                              = 2116026368                                {product} {ergonomic}
   size_t MinHeapDeltaBytes                        = 1048576                                   {product} {ergonomic}
   size_t MinHeapSize                              = 8388608                                   {product} {ergonomic}
    uintx NonNMethodCodeHeapSize                   = 5839372                                {pd product} {ergonomic}
    uintx NonProfiledCodeHeapSize                  = 122909434                              {pd product} {ergonomic}
    uintx ProfiledCodeHeapSize                     = 122909434                              {pd product} {ergonomic}
    uintx ReservedCodeCacheSize                    = 251658240                              {pd product} {ergonomic}
     bool SegmentedCodeCache                       = true                                      {product} {ergonomic}
   size_t SoftMaxHeapSize                          = 2116026368                             {manageable} {ergonomic}
     bool UseCompressedClassPointers               = true                           {product lp64_product} {ergonomic}
     bool UseCompressedOops                        = true                           {product lp64_product} {ergonomic}
     bool UseG1GC                                  = true                                      {product} {ergonomic}
     bool UseLargePagesIndividualAllocation        = false                                  {pd product} {ergonomic}

Logging:
Log output configuration:
 #0: stdout all=warning uptime,level,tags
 #1: stderr all=off uptime,level,tags

Environment Variables:
PATH=C:/Program Files/Git/mingw64/libexec/git-core;C:/Program Files/Git/mingw64/libexec/git-core;C:\Program Files\Git\mingw64\bin;C:\Program Files\Git\usr\bin;C:\Users\Akj-Ca\bin;C:\WINDOWS\system32;C:\WINDOWS;C:\WINDOWS\System32\Wbem;C:\WINDOWS\System32\WindowsPowerShell\v1.0\;C:\WINDOWS\System32\OpenSSH\;C:\Program Files\NVIDIA Corporation\NVIDIA NvDLISR;C:\Program Files\nodejs\;C:\Program Files (x86)\NVIDIA Corporation\PhysX\Common;C:\Program Files\Git\cmd;C:\Users\Akj-Ca\AppData\Local\Microsoft\WindowsApps;C:\Users\Akj-Ca\AppData\Roaming\npm;C:\Users\Akj-Ca\AppData\Local\Programs\Microsoft VS Code\bin
USERNAME=Akj-Ca
DISPLAY=:0.0
LC_ALL=en_US.UTF-8
TERM=xterm-256color
TMPDIR=C:\Users\Akj-Ca\AppData\Local\Temp
OS=Windows_NT
PROCESSOR_IDENTIFIER=Intel64 Family 6 Model 158 Stepping 10, GenuineIntel
TMP=C:\Users\Akj-Ca\AppData\Local\Temp
TEMP=C:\Users\Akj-Ca\AppData\Local\Temp



---------------  S Y S T E M  ---------------

OS:
 Windows 10 , 64 bit Build 19041 (10.0.19041.3155)
OS uptime: 4 days 12:32 hours

CPU: total 8 (initial active 8) (4 cores per cpu, 2 threads per core) family 6 model 158 stepping 10 microcode 0xde, cx8, cmov, fxsr, ht, mmx, 3dnowpref, sse, sse2, sse3, ssse3, sse4.1, sse4.2, popcnt, lzcnt, tsc, tscinvbit, avx, avx2, aes, erms, clmul, bmi1, bmi2, adx, fma, vzeroupper, clflush, clflushopt

Memory: 4k page, system-wide physical 8066M (331M free)
TotalPageFile size 17666M (AvailPageFile size 4M)
current process WorkingSet (physical memory assigned to process): 10M, peak: 10M
current process commit charge ("private bytes"): 57M, peak: 58M

vm_info: OpenJDK 64-Bit Server VM (17.0.6+0-b2043.56-9586694) for windows-amd64 JRE (17.0.6+0-b2043.56-9586694), built on Feb  9 2023 20:06:20 by "androidbuild" with MS VC++ 16.10 / 16.11 (VS2019)

END.
